<?xml version="1.0" encoding="UTF-8"?>
<testng-results skipped="0" failed="0" total="1" passed="1">
  <reporter-output>
  </reporter-output>
  <suite name="Default suite" duration-ms="7810" started-at="2016-05-13T12:01:11Z" finished-at="2016-05-13T12:01:19Z">
    <groups>
    </groups>
    <test name="Default test" duration-ms="7810" started-at="2016-05-13T12:01:11Z" finished-at="2016-05-13T12:01:19Z">
      <class name="com.seleniumTest.newoneviewLoginTest">
        <test-method status="PASS" signature="oneviewLoginTest()[pri:0, instance:com.seleniumTest.newoneviewLoginTest@78c730]" name="oneviewLoginTest" duration-ms="7786" started-at="2016-05-13T17:31:11Z" finished-at="2016-05-13T17:31:19Z">
          <reporter-output>
          </reporter-output>
        </test-method> <!-- oneviewLoginTest -->
      </class> <!-- com.seleniumTest.newoneviewLoginTest -->
    </test> <!-- Default test -->
  </suite> <!-- Default suite -->
</testng-results>
